<?xml version="1.0" encoding="UTF-8"?>
<!-- Generated by org.testng.reporters.JUnitReportReporter -->
<testsuite hostname="DESKTOP-3IT0088" failures="0" tests="5" name="com.selenium_project.AppTest" time="0.016" errors="0" timestamp="2024-11-08T20:24:11 IST" skipped="0">
  <testcase classname="com.selenium_project.AppTest" name="s" time="0.001"/>
  <testcase classname="com.selenium_project.AppTest" name="isFlase" time="0.011"/>
  <testcase classname="com.selenium_project.AppTest" name="testFromExcel" time="0.002"/>
  <testcase classname="com.selenium_project.AppTest" name="shouldAnswerWithTrue" time="0.001"/>
  <testcase classname="com.selenium_project.AppTest" name="testFromExcel" time="0.001"/>
</testsuite> <!-- com.selenium_project.AppTest -->
