<?xml version="1.0" encoding="UTF-8"?>
<!-- Generated by org.testng.reporters.JUnitReportReporter -->
<testsuite hostname="DESKTOP-2IOD437" failures="0" tests="3" name="com.selenium_project.AppTest" time="0.007" errors="0" timestamp="2024-11-06T20:34:34 IST" skipped="0">
  <testcase classname="com.selenium_project.AppTest" name="isFlase" time="0.005"/>
  <testcase classname="com.selenium_project.AppTest" name="s" time="0.002"/>
  <testcase classname="com.selenium_project.AppTest" name="shouldAnswerWithTrue" time="0.000"/>
</testsuite> <!-- com.selenium_project.AppTest -->
