<?xml version="1.0" encoding="UTF-8"?>
<!-- Generated by org.testng.reporters.JUnitReportReporter -->
<testsuite hostname="DESKTOP-3IT0088" failures="0" tests="3" name="com.selenium_project.AppTest" time="0.009" errors="0" timestamp="2024-11-02T22:24:01 IST" skipped="0">
  <testcase classname="com.selenium_project.AppTest" name="isFlase" time="0.009"/>
  <testcase classname="com.selenium_project.AppTest" name="testFromExcel" time="0.000"/>
  <testcase classname="com.selenium_project.AppTest" name="shouldAnswerWithTrue" time="0.000"/>
</testsuite> <!-- com.selenium_project.AppTest -->
