<?xml version="1.0" encoding="UTF-8"?>
<!-- Generated by org.testng.reporters.JUnitReportReporter -->
<testsuite hostname="DESKTOP-3IT0088" failures="0" tests="5" name="com.selenium_project.AppTest" time="0.010" errors="0" timestamp="2024-11-07T21:55:43 IST" skipped="0">
  <testcase classname="com.selenium_project.AppTest" name="isFlase" time="0.005"/>
  <testcase classname="com.selenium_project.AppTest" name="testFromExcel" time="0.002"/>
  <testcase classname="com.selenium_project.AppTest" name="testFromExcel" time="0.001"/>
  <testcase classname="com.selenium_project.AppTest" name="s" time="0.001"/>
  <testcase classname="com.selenium_project.AppTest" name="shouldAnswerWithTrue" time="0.001"/>
</testsuite> <!-- com.selenium_project.AppTest -->
